{"C:\\Programming\\RocketSeat\\GoStack\\Project\\server\\src\\modules\\appointments\\infra\\typeorm\\entities\\Appointment.ts": {"path":"C:\\Programming\\RocketSeat\\GoStack\\Project\\server\\src\\modules\\appointments\\infra\\typeorm\\entities\\Appointment.ts","statementMap":{"0":{"start":{"line":1,"column":0},"end":{"line":1,"column":null}},"1":{"start":{"line":11,"column":0},"end":{"line":11,"column":62}},"2":{"start":{"line":15,"column":0},"end":{"line":34,"column":null}},"3":{"start":{"line":16,"column":2},"end":{"line":17,"column":null}},"4":{"start":{"line":19,"column":2},"end":{"line":20,"column":null}},"5":{"start":{"line":22,"column":2},"end":{"line":24,"column":null}},"6":{"start":{"line":22,"column":19},"end":{"line":22,"column":23}},"7":{"start":{"line":26,"column":2},"end":{"line":27,"column":null}},"8":{"start":{"line":29,"column":2},"end":{"line":30,"column":null}},"9":{"start":{"line":32,"column":2},"end":{"line":33,"column":null}},"10":{"start":{"line":15,"column":6},"end":{"line":34,"column":null}},"11":{"start":{"line":36,"column":0},"end":{"line":36,"column":27}}},"fnMap":{"0":{"name":"(anonymous_3)","decl":{"start":{"line":22,"column":13},"end":{"line":22,"column":16}},"loc":{"start":{"line":22,"column":19},"end":{"line":22,"column":23}}}},"branchMap":{},"s":{"0":1,"1":1,"2":1,"3":1,"4":1,"5":1,"6":0,"7":1,"8":1,"9":1,"10":1,"11":1},"f":{"0":0},"b":{}}
,"C:\\Programming\\RocketSeat\\GoStack\\Project\\server\\src\\modules\\appointments\\repositories\\fakes\\FakeAppointmentsRepository.ts": {"path":"C:\\Programming\\RocketSeat\\GoStack\\Project\\server\\src\\modules\\appointments\\repositories\\fakes\\FakeAppointmentsRepository.ts","statementMap":{"0":{"start":{"line":1,"column":0},"end":{"line":1,"column":83}},"1":{"start":{"line":7,"column":0},"end":{"line":7,"column":30}},"2":{"start":{"line":10,"column":10},"end":{"line":10,"column":43}},"3":{"start":{"line":13,"column":28},"end":{"line":14,"column":null}},"4":{"start":{"line":14,"column":21},"end":{"line":14,"column":46}},"5":{"start":{"line":17,"column":4},"end":{"line":17,"column":27}},"6":{"start":{"line":24,"column":24},"end":{"line":24,"column":41}},"7":{"start":{"line":26,"column":4},"end":{"line":26,"column":66}},"8":{"start":{"line":28,"column":4},"end":{"line":28,"column":40}},"9":{"start":{"line":30,"column":4},"end":{"line":30,"column":23}},"10":{"start":{"line":34,"column":0},"end":{"line":34,"column":42}}},"fnMap":{"0":{"name":"(anonymous_8)","decl":{"start":{"line":9,"column":0},"end":{"line":9,"column":6}},"loc":{"start":{"line":9,"column":0},"end":{"line":32,"column":1}}},"1":{"name":"(anonymous_9)","decl":{"start":{"line":12,"column":15},"end":{"line":12,"column":25}},"loc":{"start":{"line":12,"column":36},"end":{"line":18,"column":null}}},"2":{"name":"(anonymous_11)","decl":{"start":{"line":14,"column":6},"end":{"line":14,"column":17}},"loc":{"start":{"line":14,"column":21},"end":{"line":14,"column":46}}},"3":{"name":"(anonymous_12)","decl":{"start":{"line":20,"column":15},"end":{"line":20,"column":21}},"loc":{"start":{"line":23,"column":26},"end":{"line":31,"column":null}}}},"branchMap":{},"s":{"0":1,"1":1,"2":1,"3":1,"4":0,"5":1,"6":1,"7":1,"8":1,"9":1,"10":1},"f":{"0":1,"1":1,"2":0,"3":1},"b":{}}
,"C:\\Programming\\RocketSeat\\GoStack\\Project\\server\\src\\modules\\appointments\\services\\CreateAppointmentService.ts": {"path":"C:\\Programming\\RocketSeat\\GoStack\\Project\\server\\src\\modules\\appointments\\services\\CreateAppointmentService.ts","statementMap":{"0":{"start":{"line":1,"column":0},"end":{"line":1,"column":39}},"1":{"start":{"line":2,"column":0},"end":{"line":2,"column":46}},"2":{"start":{"line":4,"column":0},"end":{"line":4,"column":47}},"3":{"start":{"line":14,"column":0},"end":{"line":39,"column":null}},"4":{"start":{"line":18,"column":12},"end":{"line":18,"column":59}},"5":{"start":{"line":22,"column":28},"end":{"line":22,"column":45}},"6":{"start":{"line":25,"column":6},"end":{"line":25,"column":67}},"7":{"start":{"line":28,"column":4},"end":{"line":30,"column":null}},"8":{"start":{"line":29,"column":6},"end":{"line":29,"column":68}},"9":{"start":{"line":32,"column":24},"end":{"line":35,"column":6}},"10":{"start":{"line":37,"column":4},"end":{"line":37,"column":23}},"11":{"start":{"line":15,"column":6},"end":{"line":39,"column":null}},"12":{"start":{"line":41,"column":0},"end":{"line":41,"column":40}}},"fnMap":{"0":{"name":"(anonymous_12)","decl":{"start":{"line":16,"column":2},"end":{"line":16,"column":null}},"loc":{"start":{"line":18,"column":59},"end":{"line":19,"column":6}}},"1":{"name":"(anonymous_13)","decl":{"start":{"line":21,"column":15},"end":{"line":21,"column":22}},"loc":{"start":{"line":21,"column":54},"end":{"line":38,"column":null}}}},"branchMap":{"0":{"loc":{"start":{"line":28,"column":4},"end":{"line":30,"column":null}},"type":"if","locations":[{"start":{"line":28,"column":4},"end":{"line":30,"column":null}}]}},"s":{"0":1,"1":1,"2":1,"3":1,"4":1,"5":1,"6":1,"7":1,"8":0,"9":1,"10":1,"11":1,"12":1},"f":{"0":1,"1":1},"b":{"0":[0]}}
,"C:\\Programming\\RocketSeat\\GoStack\\Project\\server\\src\\modules\\users\\infra\\typeorm\\entities\\User.ts": {"path":"C:\\Programming\\RocketSeat\\GoStack\\Project\\server\\src\\modules\\users\\infra\\typeorm\\entities\\User.ts","statementMap":{"0":{"start":{"line":1,"column":0},"end":{"line":1,"column":null}},"1":{"start":{"line":10,"column":0},"end":{"line":31,"column":null}},"2":{"start":{"line":11,"column":2},"end":{"line":12,"column":null}},"3":{"start":{"line":14,"column":2},"end":{"line":15,"column":null}},"4":{"start":{"line":17,"column":2},"end":{"line":18,"column":null}},"5":{"start":{"line":20,"column":2},"end":{"line":21,"column":null}},"6":{"start":{"line":23,"column":2},"end":{"line":24,"column":null}},"7":{"start":{"line":26,"column":2},"end":{"line":27,"column":null}},"8":{"start":{"line":29,"column":2},"end":{"line":30,"column":null}},"9":{"start":{"line":10,"column":6},"end":{"line":31,"column":null}},"10":{"start":{"line":33,"column":0},"end":{"line":33,"column":20}}},"fnMap":{},"branchMap":{},"s":{"0":1,"1":1,"2":1,"3":1,"4":1,"5":1,"6":1,"7":1,"8":1,"9":1,"10":1},"f":{},"b":{}}
,"C:\\Programming\\RocketSeat\\GoStack\\Project\\server\\src\\shared\\errors\\AppError.ts": {"path":"C:\\Programming\\RocketSeat\\GoStack\\Project\\server\\src\\shared\\errors\\AppError.ts","statementMap":{"0":{"start":{"line":7,"column":4},"end":{"line":7,"column":27}},"1":{"start":{"line":8,"column":4},"end":{"line":8,"column":33}},"2":{"start":{"line":12,"column":0},"end":{"line":12,"column":24}}},"fnMap":{"0":{"name":"(anonymous_0)","decl":{"start":{"line":6,"column":2},"end":{"line":6,"column":14}},"loc":{"start":{"line":6,"column":47},"end":{"line":9,"column":3}}}},"branchMap":{"0":{"loc":{"start":{"line":6,"column":31},"end":{"line":6,"column":47}},"type":"default-arg","locations":[{"start":{"line":6,"column":44},"end":{"line":6,"column":47}}]}},"s":{"0":0,"1":0,"2":1},"f":{"0":0},"b":{"0":[0]}}
}
