TN:
SF:src\modules\appointments\services\CreateAppointmentService.ts
FN:19,(anonymous_12)
FN:27,(anonymous_13)
FNF:2
FNH:2
FNDA:6,(anonymous_12)
FNDA:8,(anonymous_13)
DA:1,1
DA:2,1
DA:4,1
DA:17,1
DA:18,1
DA:21,6
DA:24,6
DA:32,8
DA:34,8
DA:35,3
DA:38,5
DA:39,2
DA:42,3
DA:43,1
DA:49,2
DA:52,2
DA:53,0
DA:56,2
DA:62,2
DA:64,2
DA:69,2
DA:73,1
LF:22
LH:21
BRDA:34,0,0,3
BRDA:38,1,0,2
BRDA:42,2,0,1
BRDA:42,3,0,3
BRDA:42,3,1,2
BRDA:52,4,0,0
BRF:6
BRH:5
end_of_record
TN:
SF:src\modules\appointments\services\ListProviderAppointmentsService.ts
FN:15,(anonymous_11)
FN:20,(anonymous_12)
FNF:2
FNH:2
FNDA:1,(anonymous_11)
FNDA:1,(anonymous_12)
DA:1,1
DA:13,1
DA:14,1
DA:17,1
DA:27,1
DA:34,1
DA:38,1
LF:7
LH:7
BRF:0
BRH:0
end_of_record
TN:
SF:src\modules\appointments\services\ListProviderDayAvailabilityService.ts
FN:20,(anonymous_11)
FN:25,(anonymous_12)
FN:43,(anonymous_14)
FN:48,(anonymous_15)
FN:50,(anonymous_16)
FNF:5
FNH:5
FNDA:1,(anonymous_11)
FNDA:1,(anonymous_12)
FNDA:10,(anonymous_14)
FNDA:10,(anonymous_15)
FNDA:19,(anonymous_16)
DA:1,1
DA:2,1
DA:18,1
DA:19,1
DA:22,1
DA:32,1
DA:39,1
DA:41,1
DA:43,10
DA:46,1
DA:48,1
DA:49,10
DA:50,19
DA:53,10
DA:55,10
DA:61,1
DA:65,1
LF:17
LH:17
BRDA:57,0,0,10
BRDA:57,0,1,8
BRF:2
BRH:2
end_of_record
TN:
SF:src\modules\appointments\services\ListProviderMonthAvailabilityService.ts
FN:19,(anonymous_11)
FN:24,(anonymous_12)
FN:40,(anonymous_14)
FN:43,(anonymous_15)
FN:44,(anonymous_16)
FNF:5
FNH:5
FNDA:1,(anonymous_11)
FNDA:1,(anonymous_12)
FNDA:30,(anonymous_14)
FNDA:30,(anonymous_15)
FNDA:330,(anonymous_16)
DA:1,1
DA:2,1
DA:17,1
DA:18,1
DA:21,1
DA:30,1
DA:36,1
DA:38,1
DA:40,30
DA:43,1
DA:44,30
DA:45,330
DA:48,30
DA:54,1
DA:58,1
LF:15
LH:15
BRF:0
BRH:0
end_of_record
TN:
SF:src\modules\appointments\services\ListProvidersService.ts
FN:12,(anonymous_11)
FN:17,(anonymous_12)
FNF:2
FNH:2
FNDA:1,(anonymous_11)
FNDA:1,(anonymous_12)
DA:1,1
DA:10,1
DA:11,1
DA:14,1
DA:18,1
DA:22,1
DA:26,1
LF:7
LH:7
BRF:0
BRH:0
end_of_record
TN:
SF:src\modules\users\services\AuthenticateUserService.ts
FN:24,(anonymous_12)
FN:32,(anonymous_13)
FNF:2
FNH:2
FNDA:3,(anonymous_12)
FNDA:3,(anonymous_13)
DA:1,1
DA:2,1
DA:4,1
DA:6,1
DA:22,1
DA:23,1
DA:26,3
DA:29,3
DA:33,3
DA:35,3
DA:36,1
DA:39,2
DA:44,2
DA:45,1
DA:48,1
DA:50,1
DA:55,1
DA:62,1
LF:18
LH:18
BRDA:35,0,0,1
BRDA:44,1,0,1
BRF:2
BRH:2
end_of_record
TN:
SF:src\modules\users\services\CreateUserService.ts
FN:18,(anonymous_12)
FN:26,(anonymous_13)
FNF:2
FNH:2
FNDA:5,(anonymous_12)
FNDA:5,(anonymous_13)
DA:1,2
DA:3,2
DA:16,2
DA:17,2
DA:20,5
DA:23,5
DA:27,5
DA:29,5
DA:30,1
DA:33,4
DA:35,4
DA:41,4
DA:45,2
LF:13
LH:13
BRDA:29,0,0,1
BRF:1
BRH:1
end_of_record
TN:
SF:src\modules\users\services\ResetPasswordService.ts
FN:17,(anonymous_12)
FN:28,(anonymous_13)
FNF:2
FNH:2
FNDA:5,(anonymous_12)
FNDA:5,(anonymous_13)
DA:1,1
DA:2,1
DA:4,1
DA:15,1
DA:16,1
DA:19,5
DA:22,5
DA:25,5
DA:29,5
DA:31,5
DA:32,1
DA:35,4
DA:37,4
DA:38,2
DA:41,2
DA:43,2
DA:44,1
DA:47,1
DA:49,1
DA:53,1
LF:20
LH:20
BRDA:31,0,0,1
BRDA:37,1,0,2
BRDA:43,2,0,1
BRF:3
BRH:3
end_of_record
TN:
SF:src\modules\users\services\SendForgotPasswordEmailService.ts
FN:16,(anonymous_12)
FN:27,(anonymous_13)
FNF:2
FNH:2
FNDA:3,(anonymous_12)
FNDA:3,(anonymous_13)
DA:1,1
DA:2,1
DA:7,1
DA:14,1
DA:15,1
DA:18,3
DA:21,3
DA:24,3
DA:28,3
DA:30,3
DA:31,1
DA:34,2
DA:36,2
DA:38,2
DA:45,2
DA:62,1
LF:16
LH:16
BRDA:30,0,0,1
BRDA:36,1,0,0
BRDA:36,1,1,2
BRDA:36,2,0,2
BRDA:36,2,1,2
BRF:5
BRH:4
end_of_record
TN:
SF:src\modules\users\services\ShowProfileService.ts
FN:14,(anonymous_12)
FN:19,(anonymous_13)
FNF:2
FNH:2
FNDA:2,(anonymous_12)
FNDA:2,(anonymous_13)
DA:1,1
DA:3,1
DA:12,1
DA:13,1
DA:16,2
DA:20,2
DA:22,2
DA:24,1
DA:28,1
LF:9
LH:9
BRDA:22,0,0,1
BRF:1
BRH:1
end_of_record
TN:
SF:src\modules\users\services\UpdateProfileService.ts
FN:19,(anonymous_12)
FN:27,(anonymous_13)
FNF:2
FNH:2
FNDA:6,(anonymous_12)
FNDA:6,(anonymous_13)
DA:1,1
DA:3,1
DA:17,1
DA:18,1
DA:21,6
DA:24,6
DA:34,6
DA:36,6
DA:38,5
DA:40,5
DA:41,1
DA:43,4
DA:44,4
DA:46,4
DA:47,1
DA:51,3
DA:52,2
DA:57,2
DA:59,1
DA:62,2
DA:66,1
LF:21
LH:21
BRDA:36,0,0,1
BRDA:40,1,0,1
BRDA:40,2,0,5
BRDA:40,2,1,1
BRDA:46,3,0,1
BRDA:46,4,0,4
BRDA:46,4,1,3
BRDA:51,5,0,2
BRDA:51,6,0,3
BRDA:51,6,1,2
BRDA:57,7,0,1
BRF:11
BRH:11
end_of_record
TN:
SF:src\modules\users\services\UpdateUserAvatarService.ts
FN:21,(anonymous_12)
FN:29,(anonymous_13)
FNF:2
FNH:2
FNDA:3,(anonymous_12)
FNDA:4,(anonymous_13)
DA:4,1
DA:12,1
DA:19,1
DA:20,1
DA:23,3
DA:26,3
DA:30,4
DA:32,4
DA:33,1
DA:36,3
DA:37,1
DA:40,3
DA:42,3
DA:44,3
DA:46,3
DA:50,1
LF:16
LH:16
BRDA:32,0,0,1
BRDA:36,1,0,1
BRF:2
BRH:2
end_of_record
